<?xml version="1.0" encoding="UTF-8"?>
<testsuite xmlns:xsi="http://www.w3.org/2001/XMLSchema-instance" xsi:noNamespaceSchemaLocation="https://maven.apache.org/surefire/maven-surefire-plugin/xsd/surefire-test-report-3.0.xsd" version="3.0" name="org.udea.parabank.TestRunner" time="11.926" tests="10" errors="0" skipped="0" failures="0">
  <properties>
[...]
</properties>
  <testcase name="[1:9] Retrieve accounts for a customer" classname="org/udea/parabank/GetAccounts" time="2.964">
    <system-out><![CDATA[22:23:19.812 [main] INFO  com.intuit.karate.Runner - using system property 'karate.options': classpath:org/udea/parabank/GetAccounts.feature
22:23:20.068 [main] INFO  com.intuit.karate.Runner - using system property 'karate.env': prod
22:23:20.276 [main] DEBUG com.intuit.karate.Suite - [config] classpath:karate-config.js
22:23:22.411 [main] DEBUG com.intuit.karate - request:
1 > GET https://parabank.parasoft.com/parabank/services/bank/customers/12212/accounts
1 > Accept: application/json
1 > Host: parabank.parasoft.com
1 > Connection: Keep-Alive
1 > User-Agent: Apache-HttpClient/4.5.13 (Java/17.0.12)
1 > Accept-Encoding: gzip,deflate


22:23:23.174 [main] DEBUG com.intuit.karate - response time in milliseconds: 752
1 < 200
1 < Date: Thu, 13 Nov 2025 03:23:19 GMT
1 < Content-Type: application/json
1 < Transfer-Encoding: chunked
1 < Connection: keep-alive
1 < Server: cloudflare
1 < cf-cache-status: DYNAMIC
1 < X-Content-Type-Options: nosniff
1 < CF-RAY: 99db2653ee6f9aa6-MIA
[{"id":12345,"customerId":12212,"type":"CHECKING","balance":9674015.00},{"id":12456,"customerId":12212,"type":"CHECKING","balance":-452.00},{"id":12567,"customerId":12212,"type":"CHECKING","balance":101.00},{"id":12678,"customerId":12212,"type":"SAVINGS","balance":0.00},{"id":12789,"customerId":12212,"type":"CHECKING","balance":0.00},{"id":12900,"customerId":12212,"type":"CHECKING","balance":-210.00},{"id":13011,"customerId":12212,"type":"CHECKING","balance":-150.00},{"id":13122,"customerId":12212,"type":"CHECKING","balance":1000.00},{"id":13233,"customerId":12212,"type":"CHECKING","balance":100.00},{"id":13344,"customerId":12212,"type":"SAVINGS","balance":-999618.90},{"id":13566,"customerId":12212,"type":"LOAN","balance":5.00},{"id":13677,"customerId":12212,"type":"LOAN","balance":10.00},{"id":13899,"customerId":12212,"type":"LOAN","balance":21.00},{"id":14010,"customerId":12212,"type":"LOAN","balance":21.00},{"id":14232,"customerId":12212,"type":"LOAN","balance":12.00},{"id":14343,"customerId":12212,"type":"LOAN","balance":16.00},{"id":54321,"customerId":12212,"type":"CHECKING","balance":1351.12}]

]]></system-out>
  </testcase>
  <testcase name="[1:9] Retrieve accounts for a customer" classname="org/udea/parabank/GetAccounts" time="0.503">
    <system-out><![CDATA[22:23:25.392 [main] INFO  com.intuit.karate.Runner - using system property 'karate.options': classpath:org/udea/parabank/GetAccounts.feature
22:23:25.412 [main] INFO  com.intuit.karate.Runner - using system property 'karate.env': prod
22:23:25.418 [main] DEBUG com.intuit.karate.Suite - [config] classpath:karate-config.js
22:23:25.463 [main] DEBUG com.intuit.karate - request:
1 > GET https://parabank.parasoft.com/parabank/services/bank/customers/12212/accounts
1 > Accept: application/json
1 > Host: parabank.parasoft.com
1 > Connection: Keep-Alive
1 > User-Agent: Apache-HttpClient/4.5.13 (Java/17.0.12)
1 > Accept-Encoding: gzip,deflate


22:23:25.919 [main] DEBUG com.intuit.karate - response time in milliseconds: 455
1 < 200
1 < Date: Thu, 13 Nov 2025 03:23:22 GMT
1 < Content-Type: application/json
1 < Transfer-Encoding: chunked
1 < Connection: keep-alive
1 < Server: cloudflare
1 < cf-cache-status: DYNAMIC
1 < X-Content-Type-Options: nosniff
1 < CF-RAY: 99db266579f8a4dc-MIA
[{"id":12345,"customerId":12212,"type":"CHECKING","balance":9674015.00},{"id":12456,"customerId":12212,"type":"CHECKING","balance":-452.00},{"id":12567,"customerId":12212,"type":"CHECKING","balance":101.00},{"id":12678,"customerId":12212,"type":"SAVINGS","balance":0.00},{"id":12789,"customerId":12212,"type":"CHECKING","balance":0.00},{"id":12900,"customerId":12212,"type":"CHECKING","balance":-210.00},{"id":13011,"customerId":12212,"type":"CHECKING","balance":-150.00},{"id":13122,"customerId":12212,"type":"CHECKING","balance":1000.00},{"id":13233,"customerId":12212,"type":"CHECKING","balance":100.00},{"id":13344,"customerId":12212,"type":"SAVINGS","balance":-999618.90},{"id":13566,"customerId":12212,"type":"LOAN","balance":5.00},{"id":13677,"customerId":12212,"type":"LOAN","balance":10.00},{"id":13899,"customerId":12212,"type":"LOAN","balance":21.00},{"id":14010,"customerId":12212,"type":"LOAN","balance":21.00},{"id":14232,"customerId":12212,"type":"LOAN","balance":12.00},{"id":14343,"customerId":12212,"type":"LOAN","balance":16.00},{"id":54321,"customerId":12212,"type":"CHECKING","balance":1351.12}]

]]></system-out>
  </testcase>
  <testcase name="[1:9] Retrieve accounts for a customer" classname="org/udea/parabank/GetAccounts" time="0.477">
    <system-out><![CDATA[22:23:27.027 [main] INFO  com.intuit.karate.Runner - using system property 'karate.options': classpath:org/udea/parabank/GetAccounts.feature
22:23:27.036 [main] INFO  com.intuit.karate.Runner - using system property 'karate.env': prod
22:23:27.044 [main] DEBUG com.intuit.karate.Suite - [config] classpath:karate-config.js
22:23:27.068 [main] DEBUG com.intuit.karate - request:
1 > GET https://parabank.parasoft.com/parabank/services/bank/customers/12212/accounts
1 > Accept: application/json
1 > Host: parabank.parasoft.com
1 > Connection: Keep-Alive
1 > User-Agent: Apache-HttpClient/4.5.13 (Java/17.0.12)
1 > Accept-Encoding: gzip,deflate


22:23:27.518 [main] DEBUG com.intuit.karate - response time in milliseconds: 450
1 < 200
1 < Date: Thu, 13 Nov 2025 03:23:23 GMT
1 < Content-Type: application/json
1 < Transfer-Encoding: chunked
1 < Connection: keep-alive
1 < Server: cloudflare
1 < cf-cache-status: DYNAMIC
1 < X-Content-Type-Options: nosniff
1 < CF-RAY: 99db266f3cfde6c4-MIA
[{"id":12345,"customerId":12212,"type":"CHECKING","balance":9674015.00},{"id":12456,"customerId":12212,"type":"CHECKING","balance":-452.00},{"id":12567,"customerId":12212,"type":"CHECKING","balance":101.00},{"id":12678,"customerId":12212,"type":"SAVINGS","balance":0.00},{"id":12789,"customerId":12212,"type":"CHECKING","balance":0.00},{"id":12900,"customerId":12212,"type":"CHECKING","balance":-210.00},{"id":13011,"customerId":12212,"type":"CHECKING","balance":-150.00},{"id":13122,"customerId":12212,"type":"CHECKING","balance":1000.00},{"id":13233,"customerId":12212,"type":"CHECKING","balance":100.00},{"id":13344,"customerId":12212,"type":"SAVINGS","balance":-999618.90},{"id":13566,"customerId":12212,"type":"LOAN","balance":5.00},{"id":13677,"customerId":12212,"type":"LOAN","balance":10.00},{"id":13899,"customerId":12212,"type":"LOAN","balance":21.00},{"id":14010,"customerId":12212,"type":"LOAN","balance":21.00},{"id":14232,"customerId":12212,"type":"LOAN","balance":12.00},{"id":14343,"customerId":12212,"type":"LOAN","balance":16.00},{"id":54321,"customerId":12212,"type":"CHECKING","balance":1351.12}]

]]></system-out>
  </testcase>
  <testcase name="[1:9] Retrieve accounts for a customer" classname="org/udea/parabank/GetAccounts" time="0.479">
    <system-out><![CDATA[22:23:28.307 [main] INFO  com.intuit.karate.Runner - using system property 'karate.options': classpath:org/udea/parabank/GetAccounts.feature
22:23:28.314 [main] INFO  com.intuit.karate.Runner - using system property 'karate.env': prod
22:23:28.320 [main] DEBUG com.intuit.karate.Suite - [config] classpath:karate-config.js
22:23:28.342 [main] DEBUG com.intuit.karate - request:
1 > GET https://parabank.parasoft.com/parabank/services/bank/customers/12212/accounts
1 > Accept: application/json
1 > Host: parabank.parasoft.com
1 > Connection: Keep-Alive
1 > User-Agent: Apache-HttpClient/4.5.13 (Java/17.0.12)
1 > Accept-Encoding: gzip,deflate


22:23:28.794 [main] DEBUG com.intuit.karate - response time in milliseconds: 450
1 < 200
1 < Date: Thu, 13 Nov 2025 03:23:24 GMT
1 < Content-Type: application/json
1 < Transfer-Encoding: chunked
1 < Connection: keep-alive
1 < Server: cloudflare
1 < cf-cache-status: DYNAMIC
1 < X-Content-Type-Options: nosniff
1 < CF-RAY: 99db26777c9eed32-MIA
[{"id":12345,"customerId":12212,"type":"CHECKING","balance":9674015.00},{"id":12456,"customerId":12212,"type":"CHECKING","balance":-452.00},{"id":12567,"customerId":12212,"type":"CHECKING","balance":101.00},{"id":12678,"customerId":12212,"type":"SAVINGS","balance":0.00},{"id":12789,"customerId":12212,"type":"CHECKING","balance":0.00},{"id":12900,"customerId":12212,"type":"CHECKING","balance":-210.00},{"id":13011,"customerId":12212,"type":"CHECKING","balance":-150.00},{"id":13122,"customerId":12212,"type":"CHECKING","balance":1000.00},{"id":13233,"customerId":12212,"type":"CHECKING","balance":100.00},{"id":13344,"customerId":12212,"type":"SAVINGS","balance":-999618.90},{"id":13566,"customerId":12212,"type":"LOAN","balance":5.00},{"id":13677,"customerId":12212,"type":"LOAN","balance":10.00},{"id":13899,"customerId":12212,"type":"LOAN","balance":21.00},{"id":14010,"customerId":12212,"type":"LOAN","balance":21.00},{"id":14232,"customerId":12212,"type":"LOAN","balance":12.00},{"id":14343,"customerId":12212,"type":"LOAN","balance":16.00},{"id":54321,"customerId":12212,"type":"CHECKING","balance":1351.12}]

]]></system-out>
  </testcase>
  <testcase name="[1:9] Retrieve accounts for a customer" classname="org/udea/parabank/GetAccounts" time="0.457">
    <system-out><![CDATA[22:23:29.502 [main] INFO  com.intuit.karate.Runner - using system property 'karate.options': classpath:org/udea/parabank/GetAccounts.feature
22:23:29.614 [main] INFO  com.intuit.karate.Runner - using system property 'karate.env': prod
22:23:29.664 [main] DEBUG com.intuit.karate.Suite - [config] classpath:karate-config.js
22:23:29.711 [main] DEBUG com.intuit.karate - request:
1 > GET https://parabank.parasoft.com/parabank/services/bank/customers/12212/accounts
1 > Accept: application/json
1 > Host: parabank.parasoft.com
1 > Connection: Keep-Alive
1 > User-Agent: Apache-HttpClient/4.5.13 (Java/17.0.12)
1 > Accept-Encoding: gzip,deflate


22:23:30.126 [main] DEBUG com.intuit.karate - response time in milliseconds: 415
1 < 200
1 < Date: Thu, 13 Nov 2025 03:23:26 GMT
1 < Content-Type: application/json
1 < Transfer-Encoding: chunked
1 < Connection: keep-alive
1 < Server: cloudflare
1 < cf-cache-status: DYNAMIC
1 < X-Content-Type-Options: nosniff
1 < CF-RAY: 99db267fcb54a54b-MIA
[{"id":12345,"customerId":12212,"type":"CHECKING","balance":9674015.00},{"id":12456,"customerId":12212,"type":"CHECKING","balance":-452.00},{"id":12567,"customerId":12212,"type":"CHECKING","balance":101.00},{"id":12678,"customerId":12212,"type":"SAVINGS","balance":0.00},{"id":12789,"customerId":12212,"type":"CHECKING","balance":0.00},{"id":12900,"customerId":12212,"type":"CHECKING","balance":-210.00},{"id":13011,"customerId":12212,"type":"CHECKING","balance":-150.00},{"id":13122,"customerId":12212,"type":"CHECKING","balance":1000.00},{"id":13233,"customerId":12212,"type":"CHECKING","balance":100.00},{"id":13344,"customerId":12212,"type":"SAVINGS","balance":-999618.90},{"id":13566,"customerId":12212,"type":"LOAN","balance":5.00},{"id":13677,"customerId":12212,"type":"LOAN","balance":10.00},{"id":13899,"customerId":12212,"type":"LOAN","balance":21.00},{"id":14010,"customerId":12212,"type":"LOAN","balance":21.00},{"id":14232,"customerId":12212,"type":"LOAN","balance":12.00},{"id":14343,"customerId":12212,"type":"LOAN","balance":16.00},{"id":54321,"customerId":12212,"type":"CHECKING","balance":1351.12}]

]]></system-out>
  </testcase>
  <testcase name="[2:23] Failed Retrieve accounts for a customer" classname="org/udea/parabank/GetAccounts" time="2.079">
    <system-out><![CDATA[22:23:23.336 [main] DEBUG com.intuit.karate - request:
1 > GET https://parabank.parasoft.com/parabank/services/bank/customers/999990/accounts
1 > Accept: application/json
1 > Host: parabank.parasoft.com
1 > Connection: Keep-Alive
1 > User-Agent: Apache-HttpClient/4.5.13 (Java/17.0.12)
1 > Accept-Encoding: gzip,deflate


22:23:23.627 [main] DEBUG com.intuit.karate - response time in milliseconds: 288
1 < 400
1 < Date: Thu, 13 Nov 2025 03:23:19 GMT
1 < Content-Type: text/plain;charset=UTF-8
1 < Content-Length: 31
1 < Connection: keep-alive
1 < Server: cloudflare
1 < cf-cache-status: DYNAMIC
1 < X-Content-Type-Options: nosniff
1 < CF-RAY: 99db26580ac08182-MIA
Could not find customer #999990

---------------------------------------------------------
feature: classpath:org/udea/parabank/GetAccounts.feature
scenarios:  2 | passed:  2 | failed:  0 | time: 1,6098
---------------------------------------------------------

Karate version: 1.3.1 | env: prod
======================================================
elapsed:   5,34 | threads:    1 | thread time: 1,61 
features:     1 | skipped:    0 | efficiency: 0,30
scenarios:    2 | passed:     2 | failed: 0
======================================================

HTML report: (paste into browser to view) | Karate version: 1.3.1 | env: prod
file:///C:/Users/ASUS/Desktop/Pruebas%20de%20software%20%5BElectiva%20LINEA%20ENFASÍS%20IN%20DE%20SOF%20Y%20SIS%20DE%20IN%5D/Entregas/Practica%205/UDEA_KaratePS/target/karate-reports/karate-summary.html
===================================================================

]]></system-out>
  </testcase>
  <testcase name="[2:23] Failed Retrieve accounts for a customer" classname="org/udea/parabank/GetAccounts" time="0.997">
    <system-out><![CDATA[22:23:25.957 [main] DEBUG com.intuit.karate - request:
1 > GET https://parabank.parasoft.com/parabank/services/bank/customers/999990/accounts
1 > Accept: application/json
1 > Host: parabank.parasoft.com
1 > Connection: Keep-Alive
1 > User-Agent: Apache-HttpClient/4.5.13 (Java/17.0.12)
1 > Accept-Encoding: gzip,deflate


22:23:26.482 [main] DEBUG com.intuit.karate - response time in milliseconds: 525
1 < 400
1 < Date: Thu, 13 Nov 2025 03:23:22 GMT
1 < Content-Type: text/plain;charset=UTF-8
1 < Content-Length: 31
1 < Connection: keep-alive
1 < Server: cloudflare
1 < cf-cache-status: DYNAMIC
1 < X-Content-Type-Options: nosniff
1 < CF-RAY: 99db2668af40b1ba-MIA
Could not find customer #999990

---------------------------------------------------------
feature: classpath:org/udea/parabank/GetAccounts.feature
scenarios:  2 | passed:  2 | failed:  0 | time: 1,0171
---------------------------------------------------------

Karate version: 1.3.1 | env: prod
======================================================
elapsed:   1,36 | threads:    1 | thread time: 1,02 
features:     1 | skipped:    0 | efficiency: 0,75
scenarios:    2 | passed:     2 | failed: 0
======================================================

HTML report: (paste into browser to view) | Karate version: 1.3.1 | env: prod
file:///C:/Users/ASUS/Desktop/Pruebas%20de%20software%20%5BElectiva%20LINEA%20ENFASÍS%20IN%20DE%20SOF%20Y%20SIS%20DE%20IN%5D/Entregas/Practica%205/UDEA_KaratePS/target/karate-reports/karate-summary.html
===================================================================

]]></system-out>
  </testcase>
  <testcase name="[2:23] Failed Retrieve accounts for a customer" classname="org/udea/parabank/GetAccounts" time="0.777">
    <system-out><![CDATA[22:23:27.536 [main] DEBUG com.intuit.karate - request:
1 > GET https://parabank.parasoft.com/parabank/services/bank/customers/999990/accounts
1 > Accept: application/json
1 > Host: parabank.parasoft.com
1 > Connection: Keep-Alive
1 > User-Agent: Apache-HttpClient/4.5.13 (Java/17.0.12)
1 > Accept-Encoding: gzip,deflate


22:23:27.981 [main] DEBUG com.intuit.karate - response time in milliseconds: 444
1 < 400
1 < Date: Thu, 13 Nov 2025 03:23:24 GMT
1 < Content-Type: text/plain;charset=UTF-8
1 < Content-Length: 31
1 < Connection: keep-alive
1 < Server: cloudflare
1 < cf-cache-status: DYNAMIC
1 < X-Content-Type-Options: nosniff
1 < CF-RAY: 99db26724d979ac9-MIA
Could not find customer #999990

---------------------------------------------------------
feature: classpath:org/udea/parabank/GetAccounts.feature
scenarios:  2 | passed:  2 | failed:  0 | time: 0,9130
---------------------------------------------------------

Karate version: 1.3.1 | env: prod
======================================================
elapsed:   1,20 | threads:    1 | thread time: 0,91 
features:     1 | skipped:    0 | efficiency: 0,76
scenarios:    2 | passed:     2 | failed: 0
======================================================

HTML report: (paste into browser to view) | Karate version: 1.3.1 | env: prod
file:///C:/Users/ASUS/Desktop/Pruebas%20de%20software%20%5BElectiva%20LINEA%20ENFASÍS%20IN%20DE%20SOF%20Y%20SIS%20DE%20IN%5D/Entregas/Practica%205/UDEA_KaratePS/target/karate-reports/karate-summary.html
===================================================================

]]></system-out>
  </testcase>
  <testcase name="[2:23] Failed Retrieve accounts for a customer" classname="org/udea/parabank/GetAccounts" time="0.686">
    <system-out><![CDATA[22:23:28.820 [main] DEBUG com.intuit.karate - request:
1 > GET https://parabank.parasoft.com/parabank/services/bank/customers/999990/accounts
1 > Accept: application/json
1 > Host: parabank.parasoft.com
1 > Connection: Keep-Alive
1 > User-Agent: Apache-HttpClient/4.5.13 (Java/17.0.12)
1 > Accept-Encoding: gzip,deflate


22:23:29.131 [main] DEBUG com.intuit.karate - response time in milliseconds: 309
1 < 400
1 < Date: Thu, 13 Nov 2025 03:23:25 GMT
1 < Content-Type: text/plain;charset=UTF-8
1 < Content-Length: 31
1 < Connection: keep-alive
1 < Server: cloudflare
1 < cf-cache-status: DYNAMIC
1 < X-Content-Type-Options: nosniff
1 < CF-RAY: 99db267a583f987e-MIA
Could not find customer #999990

---------------------------------------------------------
feature: classpath:org/udea/parabank/GetAccounts.feature
scenarios:  2 | passed:  2 | failed:  0 | time: 0,7835
---------------------------------------------------------

Karate version: 1.3.1 | env: prod
======================================================
elapsed:   1,02 | threads:    1 | thread time: 0,78 
features:     1 | skipped:    0 | efficiency: 0,77
scenarios:    2 | passed:     2 | failed: 0
======================================================

HTML report: (paste into browser to view) | Karate version: 1.3.1 | env: prod
file:///C:/Users/ASUS/Desktop/Pruebas%20de%20software%20%5BElectiva%20LINEA%20ENFASÍS%20IN%20DE%20SOF%20Y%20SIS%20DE%20IN%5D/Entregas/Practica%205/UDEA_KaratePS/target/karate-reports/karate-summary.html
===================================================================

]]></system-out>
  </testcase>
  <testcase name="[2:23] Failed Retrieve accounts for a customer" classname="org/udea/parabank/GetAccounts" time="0.487">
    <system-out><![CDATA[22:23:30.142 [main] DEBUG com.intuit.karate - request:
1 > GET https://parabank.parasoft.com/parabank/services/bank/customers/999990/accounts
1 > Accept: application/json
1 > Host: parabank.parasoft.com
1 > Connection: Keep-Alive
1 > User-Agent: Apache-HttpClient/4.5.13 (Java/17.0.12)
1 > Accept-Encoding: gzip,deflate


22:23:30.433 [main] DEBUG com.intuit.karate - response time in milliseconds: 291
1 < 400
1 < Date: Thu, 13 Nov 2025 03:23:26 GMT
1 < Content-Type: text/plain;charset=UTF-8
1 < Content-Length: 31
1 < Connection: keep-alive
1 < Server: cloudflare
1 < cf-cache-status: DYNAMIC
1 < X-Content-Type-Options: nosniff
1 < CF-RAY: 99db26828cd2dfba-MIA
Could not find customer #999990

---------------------------------------------------------
feature: classpath:org/udea/parabank/GetAccounts.feature
scenarios:  2 | passed:  2 | failed:  0 | time: 0,7382
---------------------------------------------------------

Karate version: 1.3.1 | env: prod
======================================================
elapsed:   1,04 | threads:    1 | thread time: 0,74 
features:     1 | skipped:    0 | efficiency: 0,71
scenarios:    2 | passed:     2 | failed: 0
======================================================

HTML report: (paste into browser to view) | Karate version: 1.3.1 | env: prod
file:///C:/Users/ASUS/Desktop/Pruebas%20de%20software%20%5BElectiva%20LINEA%20ENFASÍS%20IN%20DE%20SOF%20Y%20SIS%20DE%20IN%5D/Entregas/Practica%205/UDEA_KaratePS/target/karate-reports/karate-summary.html
===================================================================

]]></system-out>
  </testcase>
</testsuite>